<?xml version="1.0" encoding="UTF-8"?>
<testng-results ignored="0" total="2" passed="2" failed="0" skipped="0">
  <reporter-output>
  </reporter-output>
  <suite started-at="2024-05-31T00:30:01 EDT" name="Default suite" finished-at="2024-05-31T00:30:05 EDT" duration-ms="3541">
    <groups>
    </groups>
    <test started-at="2024-05-31T00:30:01 EDT" name="Default test" finished-at="2024-05-31T00:30:05 EDT" duration-ms="3541">
      <class name="restAssureTesting.NewTest">
        <test-method signature="testPojoPost()[pri:0, instance:restAssureTesting.NewTest@21e360a]" started-at="2024-05-31T00:30:01 EDT" name="testPojoPost" finished-at="2024-05-31T00:30:04 EDT" duration-ms="3292" status="PASS">
          <reporter-output>
          </reporter-output>
        </test-method> <!-- testPojoPost -->
        <test-method signature="listOFUsers()[pri:1, instance:restAssureTesting.NewTest@21e360a]" started-at="2024-05-31T00:30:04 EDT" name="listOFUsers" finished-at="2024-05-31T00:30:05 EDT" duration-ms="208" status="PASS">
          <reporter-output>
          </reporter-output>
        </test-method> <!-- listOFUsers -->
      </class> <!-- restAssureTesting.NewTest -->
    </test> <!-- Default test -->
  </suite> <!-- Default suite -->
</testng-results>
